<?xml version="1.0" encoding="UTF-8"?>
<testsuite name="com.crossover.techtrial.controller.CommentControllerTest" tests="2" skipped="0" failures="0" errors="0" timestamp="2018-04-30T01:33:28" hostname="Bilal-INTELLECT" time="0.15">
  <properties/>
  <testcase name="testCommentShouldBeCreated" classname="com.crossover.techtrial.controller.CommentControllerTest" time="0.104"/>
  <testcase name="testCommentFindbyId" classname="com.crossover.techtrial.controller.CommentControllerTest" time="0.045"/>
  <system-out><![CDATA[2018-04-30 07:03:28.089  INFO 9128 --- [    Test worker] .b.t.c.SpringBootTestContextBootstrapper : Neither @ContextConfiguration nor @ContextHierarchy found for test class [com.crossover.techtrial.controller.CommentControllerTest], using SpringBootContextLoader
2018-04-30 07:03:28.089  INFO 9128 --- [    Test worker] o.s.t.c.support.AbstractContextLoader    : Could not detect default resource locations for test class [com.crossover.techtrial.controller.CommentControllerTest]: no resource found for suffixes {-context.xml, Context.groovy}.
2018-04-30 07:03:28.094  INFO 9128 --- [    Test worker] t.c.s.AnnotationConfigContextLoaderUtils : Could not detect default configuration classes for test class [com.crossover.techtrial.controller.CommentControllerTest]: CommentControllerTest does not declare any static, non-private, non-final, nested classes annotated with @Configuration.
2018-04-30 07:03:28.095  INFO 9128 --- [    Test worker] .b.t.c.SpringBootTestContextBootstrapper : Found @SpringBootConfiguration com.crossover.techtrial.CrossBlogsApplication for test class com.crossover.techtrial.controller.CommentControllerTest
2018-04-30 07:03:28.095  INFO 9128 --- [    Test worker] .b.t.c.SpringBootTestContextBootstrapper : Loaded default TestExecutionListener class names from location [META-INF/spring.factories]: [org.springframework.boot.test.autoconfigure.restdocs.RestDocsTestExecutionListener, org.springframework.boot.test.autoconfigure.web.client.MockRestServiceServerResetTestExecutionListener, org.springframework.boot.test.autoconfigure.web.servlet.MockMvcPrintOnlyOnFailureTestExecutionListener, org.springframework.boot.test.autoconfigure.web.servlet.WebDriverTestExecutionListener, org.springframework.boot.test.mock.mockito.MockitoTestExecutionListener, org.springframework.boot.test.mock.mockito.ResetMocksTestExecutionListener, org.springframework.test.context.web.ServletTestExecutionListener, org.springframework.test.context.support.DirtiesContextBeforeModesTestExecutionListener, org.springframework.test.context.support.DependencyInjectionTestExecutionListener, org.springframework.test.context.support.DirtiesContextTestExecutionListener, org.springframework.test.context.transaction.TransactionalTestExecutionListener, org.springframework.test.context.jdbc.SqlScriptsTestExecutionListener]
2018-04-30 07:03:28.095  INFO 9128 --- [    Test worker] .b.t.c.SpringBootTestContextBootstrapper : Using TestExecutionListeners: [org.springframework.test.context.web.ServletTestExecutionListener@58b3c63b, org.springframework.test.context.support.DirtiesContextBeforeModesTestExecutionListener@7bc7f7ea, org.springframework.boot.test.mock.mockito.MockitoTestExecutionListener@7fde08f1, org.springframework.boot.test.autoconfigure.SpringBootDependencyInjectionTestExecutionListener@1bd16787, org.springframework.test.context.support.DirtiesContextTestExecutionListener@5d95e8d8, org.springframework.test.context.transaction.TransactionalTestExecutionListener@19a93c27, org.springframework.test.context.jdbc.SqlScriptsTestExecutionListener@16bf2663, org.springframework.boot.test.autoconfigure.restdocs.RestDocsTestExecutionListener@642866c, org.springframework.boot.test.autoconfigure.web.client.MockRestServiceServerResetTestExecutionListener@74636d54, org.springframework.boot.test.autoconfigure.web.servlet.MockMvcPrintOnlyOnFailureTestExecutionListener@247b2ffb, org.springframework.boot.test.autoconfigure.web.servlet.WebDriverTestExecutionListener@4b989929, org.springframework.boot.test.mock.mockito.ResetMocksTestExecutionListener@597b07d0]
]]></system-out>
  <system-err><![CDATA[]]></system-err>
</testsuite>
