<?xml version="1.0" encoding="UTF-8"?>
<testsuite name="com.crossover.techtrial.CrossBlogsApplicationTests" tests="1" skipped="0" failures="0" errors="0" timestamp="2018-04-30T01:33:30" hostname="Bilal-INTELLECT" time="0.003">
  <properties/>
  <testcase name="contextLoads" classname="com.crossover.techtrial.CrossBlogsApplicationTests" time="0.003"/>
  <system-out><![CDATA[2018-04-30 07:03:28.246  INFO 9128 --- [    Test worker] .b.t.c.SpringBootTestContextBootstrapper : Neither @ContextConfiguration nor @ContextHierarchy found for test class [com.crossover.techtrial.CrossBlogsApplicationTests], using SpringBootContextLoader
2018-04-30 07:03:28.246  INFO 9128 --- [    Test worker] o.s.t.c.support.AbstractContextLoader    : Could not detect default resource locations for test class [com.crossover.techtrial.CrossBlogsApplicationTests]: no resource found for suffixes {-context.xml, Context.groovy}.
2018-04-30 07:03:28.246  INFO 9128 --- [    Test worker] t.c.s.AnnotationConfigContextLoaderUtils : Could not detect default configuration classes for test class [com.crossover.techtrial.CrossBlogsApplicationTests]: CrossBlogsApplicationTests does not declare any static, non-private, non-final, nested classes annotated with @Configuration.
2018-04-30 07:03:28.260  INFO 9128 --- [    Test worker] .b.t.c.SpringBootTestContextBootstrapper : Found @SpringBootConfiguration com.crossover.techtrial.CrossBlogsApplication for test class com.crossover.techtrial.CrossBlogsApplicationTests
2018-04-30 07:03:28.262  INFO 9128 --- [    Test worker] .b.t.c.SpringBootTestContextBootstrapper : Loaded default TestExecutionListener class names from location [META-INF/spring.factories]: [org.springframework.boot.test.autoconfigure.restdocs.RestDocsTestExecutionListener, org.springframework.boot.test.autoconfigure.web.client.MockRestServiceServerResetTestExecutionListener, org.springframework.boot.test.autoconfigure.web.servlet.MockMvcPrintOnlyOnFailureTestExecutionListener, org.springframework.boot.test.autoconfigure.web.servlet.WebDriverTestExecutionListener, org.springframework.boot.test.mock.mockito.MockitoTestExecutionListener, org.springframework.boot.test.mock.mockito.ResetMocksTestExecutionListener, org.springframework.test.context.web.ServletTestExecutionListener, org.springframework.test.context.support.DirtiesContextBeforeModesTestExecutionListener, org.springframework.test.context.support.DependencyInjectionTestExecutionListener, org.springframework.test.context.support.DirtiesContextTestExecutionListener, org.springframework.test.context.transaction.TransactionalTestExecutionListener, org.springframework.test.context.jdbc.SqlScriptsTestExecutionListener]
2018-04-30 07:03:28.262  INFO 9128 --- [    Test worker] .b.t.c.SpringBootTestContextBootstrapper : Using TestExecutionListeners: [org.springframework.test.context.web.ServletTestExecutionListener@1959b5ee, org.springframework.test.context.support.DirtiesContextBeforeModesTestExecutionListener@48c4f80, org.springframework.boot.test.mock.mockito.MockitoTestExecutionListener@3dc46929, org.springframework.boot.test.autoconfigure.SpringBootDependencyInjectionTestExecutionListener@2d5671a3, org.springframework.test.context.support.DirtiesContextTestExecutionListener@79f45722, org.springframework.test.context.transaction.TransactionalTestExecutionListener@1f62f7d3, org.springframework.test.context.jdbc.SqlScriptsTestExecutionListener@1714837, org.springframework.boot.test.autoconfigure.restdocs.RestDocsTestExecutionListener@1fb4fad3, org.springframework.boot.test.autoconfigure.web.client.MockRestServiceServerResetTestExecutionListener@44a2f340, org.springframework.boot.test.autoconfigure.web.servlet.MockMvcPrintOnlyOnFailureTestExecutionListener@4cf64868, org.springframework.boot.test.autoconfigure.web.servlet.WebDriverTestExecutionListener@474d9131, org.springframework.boot.test.mock.mockito.ResetMocksTestExecutionListener@7f979969]

  .   ____          _            __ _ _
 /\\ / ___'_ __ _ _(_)_ __  __ _ \ \ \ \
( ( )\___ | '_ | '_| | '_ \/ _` | \ \ \ \
 \\/  ___)| |_)| | | | | || (_| |  ) ) ) )
  '  |____| .__|_| |_|_| |_\__, | / / / /
 =========|_|==============|___/=/_/_/_/
 :: Spring Boot ::        (v2.0.0.RELEASE)

2018-04-30 07:03:28.321  INFO 9128 --- [    Test worker] c.c.t.CrossBlogsApplicationTests         : Starting CrossBlogsApplicationTests on Bilal-INTELLECT with PID 9128 (started by user in E:\GIT\crossblogs-java-sa)
2018-04-30 07:03:28.323  INFO 9128 --- [    Test worker] c.c.t.CrossBlogsApplicationTests         : No active profile set, falling back to default profiles: default
2018-04-30 07:03:28.325  INFO 9128 --- [    Test worker] o.s.w.c.s.GenericWebApplicationContext   : Refreshing org.springframework.web.context.support.GenericWebApplicationContext@43134d7: startup date [Mon Apr 30 07:03:28 IST 2018]; root of context hierarchy
2018-04-30 07:03:28.610  INFO 9128 --- [    Test worker] o.s.b.f.s.DefaultListableBeanFactory     : Overriding bean definition for bean 'httpRequestHandlerAdapter' with a different definition: replacing [Root bean: class [null]; scope=; abstract=false; lazyInit=false; autowireMode=3; dependencyCheck=0; autowireCandidate=true; primary=false; factoryBeanName=org.springframework.boot.autoconfigure.web.servlet.WebMvcAutoConfiguration$EnableWebMvcConfiguration; factoryMethodName=httpRequestHandlerAdapter; initMethodName=null; destroyMethodName=(inferred); defined in class path resource [org/springframework/boot/autoconfigure/web/servlet/WebMvcAutoConfiguration$EnableWebMvcConfiguration.class]] with [Root bean: class [null]; scope=; abstract=false; lazyInit=false; autowireMode=3; dependencyCheck=0; autowireCandidate=true; primary=false; factoryBeanName=org.springframework.data.rest.webmvc.config.RepositoryRestMvcConfiguration; factoryMethodName=httpRequestHandlerAdapter; initMethodName=null; destroyMethodName=(inferred); defined in class path resource [org/springframework/data/rest/webmvc/config/RepositoryRestMvcConfiguration.class]]
2018-04-30 07:03:28.740  INFO 9128 --- [    Test worker] trationDelegate$BeanPostProcessorChecker : Bean 'org.springframework.transaction.annotation.ProxyTransactionManagementConfiguration' of type [org.springframework.transaction.annotation.ProxyTransactionManagementConfiguration$$EnhancerBySpringCGLIB$$4fe1d0d9] is not eligible for getting processed by all BeanPostProcessors (for example: not eligible for auto-proxying)
2018-04-30 07:03:29.026  INFO 9128 --- [    Test worker] com.zaxxer.hikari.HikariDataSource       : HikariPool-3 - Starting...
2018-04-30 07:03:29.040  INFO 9128 --- [    Test worker] com.zaxxer.hikari.HikariDataSource       : HikariPool-3 - Start completed.
2018-04-30 07:03:29.190  INFO 9128 --- [    Test worker] liquibase                                : Successfully acquired change log lock
2018-04-30 07:03:29.245  INFO 9128 --- [    Test worker] liquibase                                : Reading from crossblogs.DATABASECHANGELOG
2018-04-30 07:03:29.282  INFO 9128 --- [    Test worker] liquibase                                : Successfully released change log lock
2018-04-30 07:03:29.357  INFO 9128 --- [    Test worker] j.LocalContainerEntityManagerFactoryBean : Building JPA container EntityManagerFactory for persistence unit 'default'
2018-04-30 07:03:29.359  INFO 9128 --- [    Test worker] o.hibernate.jpa.internal.util.LogHelper  : HHH000204: Processing PersistenceUnitInfo [
	name: default
	...]
2018-04-30 07:03:29.365  INFO 9128 --- [    Test worker] org.hibernate.dialect.Dialect            : HHH000400: Using dialect: org.hibernate.dialect.MySQL5Dialect
2018-04-30 07:03:29.404  INFO 9128 --- [    Test worker] j.LocalContainerEntityManagerFactoryBean : Initialized JPA EntityManagerFactory for persistence unit 'default'
2018-04-30 07:03:29.490  INFO 9128 --- [    Test worker] o.h.h.i.QueryTranslatorFactoryInitiator  : HHH000397: Using ASTQueryTranslatorFactory
2018-04-30 07:03:30.089  INFO 9128 --- [    Test worker] s.w.s.m.m.a.RequestMappingHandlerAdapter : Looking for @ControllerAdvice: org.springframework.web.context.support.GenericWebApplicationContext@43134d7: startup date [Mon Apr 30 07:03:28 IST 2018]; root of context hierarchy
2018-04-30 07:03:30.089  WARN 9128 --- [    Test worker] aWebConfiguration$JpaWebMvcConfiguration : spring.jpa.open-in-view is enabled by default. Therefore, database queries may be performed during view rendering. Explicitly configure spring.jpa.open-in-view to disable this warning
2018-04-30 07:03:30.107  INFO 9128 --- [    Test worker] s.w.s.m.m.a.RequestMappingHandlerMapping : Mapped "{[/articles/{article-id}],methods=[GET]}" onto public org.springframework.http.ResponseEntity<com.crossover.techtrial.model.Article> com.crossover.techtrial.controller.ArticleController.getArticleById(java.lang.Long)
2018-04-30 07:03:30.107  INFO 9128 --- [    Test worker] s.w.s.m.m.a.RequestMappingHandlerMapping : Mapped "{[/articles/{article-id}],methods=[PUT]}" onto public org.springframework.http.ResponseEntity<com.crossover.techtrial.model.Article> com.crossover.techtrial.controller.ArticleController.updateArticle(java.lang.Long,com.crossover.techtrial.model.Article)
2018-04-30 07:03:30.120  INFO 9128 --- [    Test worker] s.w.s.m.m.a.RequestMappingHandlerMapping : Mapped "{[/articles/search],methods=[GET]}" onto public org.springframework.http.ResponseEntity<java.util.List<com.crossover.techtrial.model.Article>> com.crossover.techtrial.controller.ArticleController.searchArticles(java.lang.String)
2018-04-30 07:03:30.120  INFO 9128 --- [    Test worker] s.w.s.m.m.a.RequestMappingHandlerMapping : Mapped "{[/articles],methods=[POST]}" onto public org.springframework.http.ResponseEntity<com.crossover.techtrial.model.Article> com.crossover.techtrial.controller.ArticleController.createArticle(com.crossover.techtrial.model.Article)
2018-04-30 07:03:30.121  INFO 9128 --- [    Test worker] s.w.s.m.m.a.RequestMappingHandlerMapping : Mapped "{[/articles/{article-id}],methods=[DELETE]}" onto public org.springframework.http.ResponseEntity<com.crossover.techtrial.model.Article> com.crossover.techtrial.controller.ArticleController.deleteArticleById(java.lang.Long)
2018-04-30 07:03:30.122  INFO 9128 --- [    Test worker] s.w.s.m.m.a.RequestMappingHandlerMapping : Mapped "{[/articles/{article-id}/comments],methods=[POST]}" onto public org.springframework.http.ResponseEntity<com.crossover.techtrial.model.Comment> com.crossover.techtrial.controller.CommentController.createComment(java.lang.Long,com.crossover.techtrial.model.Comment)
2018-04-30 07:03:30.124  INFO 9128 --- [    Test worker] s.w.s.m.m.a.RequestMappingHandlerMapping : Mapped "{[/articles/{article-id}/comments],methods=[GET]}" onto public org.springframework.http.ResponseEntity<java.util.List<com.crossover.techtrial.model.Comment>> com.crossover.techtrial.controller.CommentController.getComments(java.lang.Long)
2018-04-30 07:03:30.125  INFO 9128 --- [    Test worker] s.w.s.m.m.a.RequestMappingHandlerMapping : Mapped "{[/error]}" onto public org.springframework.http.ResponseEntity<java.util.Map<java.lang.String, java.lang.Object>> org.springframework.boot.autoconfigure.web.servlet.error.BasicErrorController.error(javax.servlet.http.HttpServletRequest)
2018-04-30 07:03:30.125  INFO 9128 --- [    Test worker] s.w.s.m.m.a.RequestMappingHandlerMapping : Mapped "{[/error],produces=[text/html]}" onto public org.springframework.web.servlet.ModelAndView org.springframework.boot.autoconfigure.web.servlet.error.BasicErrorController.errorHtml(javax.servlet.http.HttpServletRequest,javax.servlet.http.HttpServletResponse)
2018-04-30 07:03:30.157  INFO 9128 --- [    Test worker] o.s.w.s.handler.SimpleUrlHandlerMapping  : Mapped URL path [/webjars/**] onto handler of type [class org.springframework.web.servlet.resource.ResourceHttpRequestHandler]
2018-04-30 07:03:30.159  INFO 9128 --- [    Test worker] o.s.w.s.handler.SimpleUrlHandlerMapping  : Mapped URL path [/**] onto handler of type [class org.springframework.web.servlet.resource.ResourceHttpRequestHandler]
2018-04-30 07:03:30.173  INFO 9128 --- [    Test worker] .m.m.a.ExceptionHandlerExceptionResolver : Detected @ExceptionHandler methods in globalExceptionHandler
2018-04-30 07:03:30.173  INFO 9128 --- [    Test worker] .m.m.a.ExceptionHandlerExceptionResolver : Detected @ExceptionHandler methods in repositoryRestExceptionHandler
2018-04-30 07:03:30.228  INFO 9128 --- [    Test worker] o.s.w.s.handler.SimpleUrlHandlerMapping  : Mapped URL path [/**/favicon.ico] onto handler of type [class org.springframework.web.servlet.resource.ResourceHttpRequestHandler]
2018-04-30 07:03:30.391  INFO 9128 --- [    Test worker] o.s.d.r.w.RepositoryRestHandlerAdapter   : Looking for @ControllerAdvice: org.springframework.web.context.support.GenericWebApplicationContext@43134d7: startup date [Mon Apr 30 07:03:28 IST 2018]; root of context hierarchy
2018-04-30 07:03:30.401  INFO 9128 --- [    Test worker] o.s.d.r.w.RepositoryRestHandlerMapping   : Mapped "{[/api/{repository}],methods=[HEAD],produces=[application/hal+json || application/json]}" onto public org.springframework.http.ResponseEntity<?> org.springframework.data.rest.webmvc.RepositoryEntityController.headCollectionResource(org.springframework.data.rest.webmvc.RootResourceInformation,org.springframework.data.rest.webmvc.support.DefaultedPageable) throws org.springframework.web.HttpRequestMethodNotSupportedException
2018-04-30 07:03:30.412  INFO 9128 --- [    Test worker] o.s.d.r.w.RepositoryRestHandlerMapping   : Mapped "{[/api/{repository}],methods=[GET],produces=[application/hal+json || application/json]}" onto public org.springframework.hateoas.Resources<?> org.springframework.data.rest.webmvc.RepositoryEntityController.getCollectionResource(org.springframework.data.rest.webmvc.RootResourceInformation,org.springframework.data.rest.webmvc.support.DefaultedPageable,org.springframework.data.domain.Sort,org.springframework.data.rest.webmvc.PersistentEntityResourceAssembler) throws org.springframework.data.rest.webmvc.ResourceNotFoundException,org.springframework.web.HttpRequestMethodNotSupportedException
2018-04-30 07:03:30.413  INFO 9128 --- [    Test worker] o.s.d.r.w.RepositoryRestHandlerMapping   : Mapped "{[/api/{repository}],methods=[GET],produces=[application/x-spring-data-compact+json || text/uri-list]}" onto public org.springframework.hateoas.Resources<?> org.springframework.data.rest.webmvc.RepositoryEntityController.getCollectionResourceCompact(org.springframework.data.rest.webmvc.RootResourceInformation,org.springframework.data.rest.webmvc.support.DefaultedPageable,org.springframework.data.domain.Sort,org.springframework.data.rest.webmvc.PersistentEntityResourceAssembler) throws org.springframework.data.rest.webmvc.ResourceNotFoundException,org.springframework.web.HttpRequestMethodNotSupportedException
2018-04-30 07:03:30.413  INFO 9128 --- [    Test worker] o.s.d.r.w.RepositoryRestHandlerMapping   : Mapped "{[/api/{repository}/{id}],methods=[DELETE],produces=[application/hal+json || application/json]}" onto public org.springframework.http.ResponseEntity<?> org.springframework.data.rest.webmvc.RepositoryEntityController.deleteItemResource(org.springframework.data.rest.webmvc.RootResourceInformation,java.io.Serializable,org.springframework.data.rest.webmvc.support.ETag) throws org.springframework.data.rest.webmvc.ResourceNotFoundException,org.springframework.web.HttpRequestMethodNotSupportedException
2018-04-30 07:03:30.413  INFO 9128 --- [    Test worker] o.s.d.r.w.RepositoryRestHandlerMapping   : Mapped "{[/api/{repository}],methods=[POST],produces=[application/hal+json || application/json]}" onto public org.springframework.http.ResponseEntity<org.springframework.hateoas.ResourceSupport> org.springframework.data.rest.webmvc.RepositoryEntityController.postCollectionResource(org.springframework.data.rest.webmvc.RootResourceInformation,org.springframework.data.rest.webmvc.PersistentEntityResource,org.springframework.data.rest.webmvc.PersistentEntityResourceAssembler,java.lang.String) throws org.springframework.web.HttpRequestMethodNotSupportedException
2018-04-30 07:03:30.413  INFO 9128 --- [    Test worker] o.s.d.r.w.RepositoryRestHandlerMapping   : Mapped "{[/api/{repository}],methods=[OPTIONS],produces=[application/hal+json || application/json]}" onto public org.springframework.http.ResponseEntity<?> org.springframework.data.rest.webmvc.RepositoryEntityController.optionsForCollectionResource(org.springframework.data.rest.webmvc.RootResourceInformation)
2018-04-30 07:03:30.413  INFO 9128 --- [    Test worker] o.s.d.r.w.RepositoryRestHandlerMapping   : Mapped "{[/api/{repository}/{id}],methods=[OPTIONS],produces=[application/hal+json || application/json]}" onto public org.springframework.http.ResponseEntity<?> org.springframework.data.rest.webmvc.RepositoryEntityController.optionsForItemResource(org.springframework.data.rest.webmvc.RootResourceInformation)
2018-04-30 07:03:30.416  INFO 9128 --- [    Test worker] o.s.d.r.w.RepositoryRestHandlerMapping   : Mapped "{[/api/{repository}/{id}],methods=[PATCH],produces=[application/hal+json || application/json]}" onto public org.springframework.http.ResponseEntity<org.springframework.hateoas.ResourceSupport> org.springframework.data.rest.webmvc.RepositoryEntityController.patchItemResource(org.springframework.data.rest.webmvc.RootResourceInformation,org.springframework.data.rest.webmvc.PersistentEntityResource,java.io.Serializable,org.springframework.data.rest.webmvc.PersistentEntityResourceAssembler,org.springframework.data.rest.webmvc.support.ETag,java.lang.String) throws org.springframework.web.HttpRequestMethodNotSupportedException,org.springframework.data.rest.webmvc.ResourceNotFoundException
2018-04-30 07:03:30.416  INFO 9128 --- [    Test worker] o.s.d.r.w.RepositoryRestHandlerMapping   : Mapped "{[/api/{repository}/{id}],methods=[HEAD],produces=[application/hal+json || application/json]}" onto public org.springframework.http.ResponseEntity<?> org.springframework.data.rest.webmvc.RepositoryEntityController.headForItemResource(org.springframework.data.rest.webmvc.RootResourceInformation,java.io.Serializable,org.springframework.data.rest.webmvc.PersistentEntityResourceAssembler) throws org.springframework.web.HttpRequestMethodNotSupportedException
2018-04-30 07:03:30.417  INFO 9128 --- [    Test worker] o.s.d.r.w.RepositoryRestHandlerMapping   : Mapped "{[/api/{repository}/{id}],methods=[PUT],produces=[application/hal+json || application/json]}" onto public org.springframework.http.ResponseEntity<? extends org.springframework.hateoas.ResourceSupport> org.springframework.data.rest.webmvc.RepositoryEntityController.putItemResource(org.springframework.data.rest.webmvc.RootResourceInformation,org.springframework.data.rest.webmvc.PersistentEntityResource,java.io.Serializable,org.springframework.data.rest.webmvc.PersistentEntityResourceAssembler,org.springframework.data.rest.webmvc.support.ETag,java.lang.String) throws org.springframework.web.HttpRequestMethodNotSupportedException
2018-04-30 07:03:30.417  INFO 9128 --- [    Test worker] o.s.d.r.w.RepositoryRestHandlerMapping   : Mapped "{[/api/{repository}/{id}],methods=[GET],produces=[application/hal+json || application/json]}" onto public org.springframework.http.ResponseEntity<org.springframework.hateoas.Resource<?>> org.springframework.data.rest.webmvc.RepositoryEntityController.getItemResource(org.springframework.data.rest.webmvc.RootResourceInformation,java.io.Serializable,org.springframework.data.rest.webmvc.PersistentEntityResourceAssembler,org.springframework.http.HttpHeaders) throws org.springframework.web.HttpRequestMethodNotSupportedException
2018-04-30 07:03:30.418  INFO 9128 --- [    Test worker] o.s.d.r.w.RepositoryRestHandlerMapping   : Mapped "{[/api/ || /api],methods=[OPTIONS],produces=[application/hal+json || application/json]}" onto public org.springframework.http.HttpEntity<?> org.springframework.data.rest.webmvc.RepositoryController.optionsForRepositories()
2018-04-30 07:03:30.418  INFO 9128 --- [    Test worker] o.s.d.r.w.RepositoryRestHandlerMapping   : Mapped "{[/api/ || /api],methods=[HEAD],produces=[application/hal+json || application/json]}" onto public org.springframework.http.ResponseEntity<?> org.springframework.data.rest.webmvc.RepositoryController.headForRepositories()
2018-04-30 07:03:30.418  INFO 9128 --- [    Test worker] o.s.d.r.w.RepositoryRestHandlerMapping   : Mapped "{[/api/ || /api],methods=[GET],produces=[application/hal+json || application/json]}" onto public org.springframework.http.HttpEntity<org.springframework.data.rest.webmvc.RepositoryLinksResource> org.springframework.data.rest.webmvc.RepositoryController.listRepositories()
2018-04-30 07:03:30.421  INFO 9128 --- [    Test worker] o.s.d.r.w.RepositoryRestHandlerMapping   : Mapped "{[/api/{repository}/{id}/{property}],methods=[PATCH || PUT || POST],consumes=[application/json || application/x-spring-data-compact+json || text/uri-list],produces=[application/hal+json || application/json]}" onto public org.springframework.http.ResponseEntity<? extends org.springframework.hateoas.ResourceSupport> org.springframework.data.rest.webmvc.RepositoryPropertyReferenceController.createPropertyReference(org.springframework.data.rest.webmvc.RootResourceInformation,org.springframework.http.HttpMethod,org.springframework.hateoas.Resources<java.lang.Object>,java.io.Serializable,java.lang.String) throws java.lang.Exception
2018-04-30 07:03:30.421  INFO 9128 --- [    Test worker] o.s.d.r.w.RepositoryRestHandlerMapping   : Mapped "{[/api/{repository}/{id}/{property}],methods=[GET],produces=[application/x-spring-data-compact+json || text/uri-list]}" onto public org.springframework.http.ResponseEntity<org.springframework.hateoas.ResourceSupport> org.springframework.data.rest.webmvc.RepositoryPropertyReferenceController.followPropertyReferenceCompact(org.springframework.data.rest.webmvc.RootResourceInformation,java.io.Serializable,java.lang.String,org.springframework.data.rest.webmvc.PersistentEntityResourceAssembler) throws java.lang.Exception
2018-04-30 07:03:30.421  INFO 9128 --- [    Test worker] o.s.d.r.w.RepositoryRestHandlerMapping   : Mapped "{[/api/{repository}/{id}/{property}],methods=[DELETE],produces=[application/hal+json || application/json]}" onto public org.springframework.http.ResponseEntity<? extends org.springframework.hateoas.ResourceSupport> org.springframework.data.rest.webmvc.RepositoryPropertyReferenceController.deletePropertyReference(org.springframework.data.rest.webmvc.RootResourceInformation,java.io.Serializable,java.lang.String) throws java.lang.Exception
2018-04-30 07:03:30.421  INFO 9128 --- [    Test worker] o.s.d.r.w.RepositoryRestHandlerMapping   : Mapped "{[/api/{repository}/{id}/{property}/{propertyId}],methods=[DELETE],produces=[application/hal+json || application/json]}" onto public org.springframework.http.ResponseEntity<org.springframework.hateoas.ResourceSupport> org.springframework.data.rest.webmvc.RepositoryPropertyReferenceController.deletePropertyReferenceId(org.springframework.data.rest.webmvc.RootResourceInformation,java.io.Serializable,java.lang.String,java.lang.String) throws java.lang.Exception
2018-04-30 07:03:30.421  INFO 9128 --- [    Test worker] o.s.d.r.w.RepositoryRestHandlerMapping   : Mapped "{[/api/{repository}/{id}/{property}],methods=[GET],produces=[application/hal+json || application/json]}" onto public org.springframework.http.ResponseEntity<org.springframework.hateoas.ResourceSupport> org.springframework.data.rest.webmvc.RepositoryPropertyReferenceController.followPropertyReference(org.springframework.data.rest.webmvc.RootResourceInformation,java.io.Serializable,java.lang.String,org.springframework.data.rest.webmvc.PersistentEntityResourceAssembler) throws java.lang.Exception
2018-04-30 07:03:30.427  INFO 9128 --- [    Test worker] o.s.d.r.w.RepositoryRestHandlerMapping   : Mapped "{[/api/{repository}/{id}/{property}/{propertyId}],methods=[GET],produces=[application/hal+json || application/json]}" onto public org.springframework.http.ResponseEntity<org.springframework.hateoas.ResourceSupport> org.springframework.data.rest.webmvc.RepositoryPropertyReferenceController.followPropertyReference(org.springframework.data.rest.webmvc.RootResourceInformation,java.io.Serializable,java.lang.String,java.lang.String,org.springframework.data.rest.webmvc.PersistentEntityResourceAssembler) throws java.lang.Exception
2018-04-30 07:03:30.428  INFO 9128 --- [    Test worker] o.s.d.r.w.RepositoryRestHandlerMapping   : Mapped "{[/api/{repository}/search/{search}],methods=[GET],produces=[application/x-spring-data-compact+json]}" onto public org.springframework.hateoas.ResourceSupport org.springframework.data.rest.webmvc.RepositorySearchController.executeSearchCompact(org.springframework.data.rest.webmvc.RootResourceInformation,org.springframework.http.HttpHeaders,org.springframework.util.MultiValueMap<java.lang.String, java.lang.Object>,java.lang.String,java.lang.String,org.springframework.data.rest.webmvc.support.DefaultedPageable,org.springframework.data.domain.Sort,org.springframework.data.rest.webmvc.PersistentEntityResourceAssembler)
2018-04-30 07:03:30.429  INFO 9128 --- [    Test worker] o.s.d.r.w.RepositoryRestHandlerMapping   : Mapped "{[/api/{repository}/search],methods=[OPTIONS],produces=[application/hal+json || application/json]}" onto public org.springframework.http.HttpEntity<?> org.springframework.data.rest.webmvc.RepositorySearchController.optionsForSearches(org.springframework.data.rest.webmvc.RootResourceInformation)
2018-04-30 07:03:30.429  INFO 9128 --- [    Test worker] o.s.d.r.w.RepositoryRestHandlerMapping   : Mapped "{[/api/{repository}/search/{search}],methods=[HEAD],produces=[application/hal+json || application/json]}" onto public org.springframework.http.ResponseEntity<java.lang.Object> org.springframework.data.rest.webmvc.RepositorySearchController.headForSearch(org.springframework.data.rest.webmvc.RootResourceInformation,java.lang.String)
2018-04-30 07:03:30.429  INFO 9128 --- [    Test worker] o.s.d.r.w.RepositoryRestHandlerMapping   : Mapped "{[/api/{repository}/search],methods=[GET],produces=[application/hal+json || application/json]}" onto public org.springframework.data.rest.webmvc.RepositorySearchesResource org.springframework.data.rest.webmvc.RepositorySearchController.listSearches(org.springframework.data.rest.webmvc.RootResourceInformation)
2018-04-30 07:03:30.429  INFO 9128 --- [    Test worker] o.s.d.r.w.RepositoryRestHandlerMapping   : Mapped "{[/api/{repository}/search/{search}],methods=[OPTIONS],produces=[application/hal+json || application/json]}" onto public org.springframework.http.ResponseEntity<java.lang.Object> org.springframework.data.rest.webmvc.RepositorySearchController.optionsForSearch(org.springframework.data.rest.webmvc.RootResourceInformation,java.lang.String)
2018-04-30 07:03:30.429  INFO 9128 --- [    Test worker] o.s.d.r.w.RepositoryRestHandlerMapping   : Mapped "{[/api/{repository}/search],methods=[HEAD],produces=[application/hal+json || application/json]}" onto public org.springframework.http.HttpEntity<?> org.springframework.data.rest.webmvc.RepositorySearchController.headForSearches(org.springframework.data.rest.webmvc.RootResourceInformation)
2018-04-30 07:03:30.429  INFO 9128 --- [    Test worker] o.s.d.r.w.RepositoryRestHandlerMapping   : Mapped "{[/api/{repository}/search/{search}],methods=[GET],produces=[application/hal+json || application/json]}" onto public org.springframework.http.ResponseEntity<?> org.springframework.data.rest.webmvc.RepositorySearchController.executeSearch(org.springframework.data.rest.webmvc.RootResourceInformation,org.springframework.util.MultiValueMap<java.lang.String, java.lang.Object>,java.lang.String,org.springframework.data.rest.webmvc.support.DefaultedPageable,org.springframework.data.domain.Sort,org.springframework.data.rest.webmvc.PersistentEntityResourceAssembler,org.springframework.http.HttpHeaders)
2018-04-30 07:03:30.440  INFO 9128 --- [    Test worker] o.s.d.r.w.BasePathAwareHandlerMapping    : Mapped "{[/api/profile/{repository}],methods=[GET],produces=[application/schema+json]}" onto public org.springframework.http.HttpEntity<org.springframework.data.rest.webmvc.json.JsonSchema> org.springframework.data.rest.webmvc.RepositorySchemaController.schema(org.springframework.data.rest.webmvc.RootResourceInformation)
2018-04-30 07:03:30.440  INFO 9128 --- [    Test worker] o.s.d.r.w.BasePathAwareHandlerMapping    : Mapped "{[/api/profile],methods=[GET]}" onto org.springframework.http.HttpEntity<org.springframework.hateoas.ResourceSupport> org.springframework.data.rest.webmvc.ProfileController.listAllFormsOfMetadata()
2018-04-30 07:03:30.440  INFO 9128 --- [    Test worker] o.s.d.r.w.BasePathAwareHandlerMapping    : Mapped "{[/api/profile],methods=[OPTIONS]}" onto public org.springframework.http.HttpEntity<?> org.springframework.data.rest.webmvc.ProfileController.profileOptions()
2018-04-30 07:03:30.440  INFO 9128 --- [    Test worker] o.s.d.r.w.BasePathAwareHandlerMapping    : Mapped "{[/api/profile/{repository}],methods=[GET],produces=[application/alps+json || */*]}" onto org.springframework.http.HttpEntity<org.springframework.data.rest.webmvc.RootResourceInformation> org.springframework.data.rest.webmvc.alps.AlpsController.descriptor(org.springframework.data.rest.webmvc.RootResourceInformation)
2018-04-30 07:03:30.443  INFO 9128 --- [    Test worker] o.s.d.r.w.BasePathAwareHandlerMapping    : Mapped "{[/api/profile/{repository}],methods=[OPTIONS],produces=[application/alps+json]}" onto org.springframework.http.HttpEntity<?> org.springframework.data.rest.webmvc.alps.AlpsController.alpsOptions()
2018-04-30 07:03:30.641  INFO 9128 --- [    Test worker] c.c.t.CrossBlogsApplicationTests         : Started CrossBlogsApplicationTests in 2.379 seconds (JVM running for 21.14)
]]></system-out>
  <system-err><![CDATA[]]></system-err>
</testsuite>
